#0 building with "default" instance using docker driver

#1 [internal] load build definition from Dockerfile
#1 transferring dockerfile: 1.84kB 0.0s done
#1 DONE 0.0s

#2 [internal] load metadata for docker.io/library/node:20-alpine
#2 DONE 0.2s

#3 [internal] load .dockerignore
#3 transferring context: 131B 0.1s done
#3 DONE 0.1s

#4 [base 1/1] FROM docker.io/library/node:20-alpine@sha256:09e2b3d9726018aecf269bd35325f46bf75046a643a66d28360ec71132750ec8
#4 CACHED

#5 [builder 1/4] WORKDIR /app
#5 CACHED

#6 [internal] load build context
#6 transferring context: 3.24kB 0.3s done
#6 DONE 0.3s

#7 [runner  2/10] RUN addgroup --system --gid 1001 nodejs
#7 DONE 0.4s

#8 [deps 1/4] RUN apk add --no-cache libc6-compat python3 make g++
#8 0.847 ( 1/32) Installing libstdc++-dev (15.2.0-r2)
#8 1.006 ( 2/32) Installing jansson (2.14.1-r0)
#8 ...

#9 [runner  3/10] RUN adduser --system --uid 1001 nextjs
#9 DONE 0.6s

#8 [deps 1/4] RUN apk add --no-cache libc6-compat python3 make g++
#8 1.024 ( 3/32) Installing zstd-libs (1.5.7-r2)
#8 1.047 ( 4/32) Installing binutils (2.45.1-r0)
#8 1.123 ( 5/32) Installing libgomp (15.2.0-r2)
#8 1.145 ( 6/32) Installing libatomic (15.2.0-r2)
#8 1.161 ( 7/32) Installing gmp (6.3.0-r4)
#8 1.182 ( 8/32) Installing isl26 (0.26-r1)
#8 1.210 ( 9/32) Installing mpfr4 (4.2.2-r0)
#8 1.234 (10/32) Installing mpc1 (1.3.1-r1)
#8 1.253 (11/32) Installing gcc (15.2.0-r2)
#8 2.082 (12/32) Installing musl-dev (1.2.5-r21)
#8 2.154 (13/32) Installing g++ (15.2.0-r2)
#8 2.402 (14/32) Installing musl-obstack (1.2.3-r2)
#8 2.419 (15/32) Installing libucontext (1.3.3-r0)
#8 2.438 (16/32) Installing gcompat (1.1.0-r4)
#8 2.458 (17/32) Installing make (4.4.1-r3)
#8 2.477 (18/32) Installing libbz2 (1.0.8-r6)
#8 2.493 (19/32) Installing libexpat (2.7.4-r0)
#8 2.511 (20/32) Installing libffi (3.5.2-r0)
#8 2.527 (21/32) Installing gdbm (1.26-r0)
#8 2.543 (22/32) Installing xz-libs (5.8.2-r0)
#8 2.562 (23/32) Installing mpdecimal (4.0.1-r0)
#8 2.582 (24/32) Installing ncurses-terminfo-base (6.5_p20251123-r0)
#8 2.606 (25/32) Installing libncursesw (6.5_p20251123-r0)
#8 2.624 (26/32) Installing libpanelw (6.5_p20251123-r0)
#8 2.640 (27/32) Installing readline (8.3.1-r0)
#8 2.657 (28/32) Installing sqlite-libs (3.51.2-r0)
#8 2.685 (29/32) Installing python3 (3.12.12-r0)
#8 2.860 (30/32) Installing python3-pycache-pyc0 (3.12.12-r0)
#8 2.979 (31/32) Installing pyc (3.12.12-r0)
#8 2.979 (32/32) Installing python3-pyc (3.12.12-r0)
#8 2.979 Executing busybox-1.37.0-r30.trigger
#8 2.987 OK: 301.3 MiB in 50 packages
#8 DONE 3.1s

#10 [deps 2/4] WORKDIR /app
#10 DONE 0.0s

#11 [deps 3/4] COPY package.json package-lock.json* ./
#11 DONE 0.0s

#12 [deps 4/4] RUN npm ci
#12 16.01 
#12 16.01 added 386 packages, and audited 387 packages in 15s
#12 16.01 
#12 16.01 149 packages are looking for funding
#12 16.01   run `npm fund` for details
#12 16.01 
#12 16.01 found 0 vulnerabilities
#12 16.01 npm notice
#12 16.01 npm notice New major version of npm available! 10.8.2 -> 11.11.0
#12 16.01 npm notice Changelog: https://github.com/npm/cli/releases/tag/v11.11.0
#12 16.01 npm notice To update run: npm install -g npm@11.11.0
#12 16.01 npm notice
#12 DONE 16.6s

#13 [builder 2/4] COPY --from=deps /app/node_modules ./node_modules
#13 DONE 3.7s

#14 [builder 3/4] COPY . .
#14 DONE 0.0s

#15 [builder 4/4] RUN npm run build
#15 0.506 
#15 0.506 > new-wallpaper-who-dis@0.1.0 build
#15 0.506 > next build
#15 0.506 
#15 1.232 ▲ Next.js 16.1.6 (Turbopack)
#15 1.233 
#15 1.261   Creating an optimized production build ...
#15 5.957 
#15 5.957 > Build error occurred
#15 5.961 Error: Turbopack build failed with 1 errors:
#15 5.961 ./node_modules/diskusage/fallback.js
#15 5.961 non-ecmascript placeable asset
#15 5.961 asset is not placeable in ESM chunks, so it doesn't have a module id
#15 5.961 
#15 5.961 Import trace:
#15 5.961   App Route:
#15 5.961     ./node_modules/diskusage/fallback.js
#15 5.961     ./node_modules/diskusage/index.js
#15 5.961     ./src/app/api/sysinfo/route.ts
#15 5.961 
#15 5.961 
#15 5.961     at ignore-listed frames
#15 6.018 npm notice
#15 6.018 npm notice New major version of npm available! 10.8.2 -> 11.11.0
#15 6.018 npm notice Changelog: https://github.com/npm/cli/releases/tag/v11.11.0
#15 6.018 npm notice To update run: npm install -g npm@11.11.0
#15 6.018 npm notice
#15 ERROR: process "/bin/sh -c npm run build" did not complete successfully: exit code: 1
------
 > [builder 4/4] RUN npm run build:
5.961     ./node_modules/diskusage/index.js
5.961     ./src/app/api/sysinfo/route.ts
5.961 
5.961 
5.961     at ignore-listed frames
6.018 npm notice
6.018 npm notice New major version of npm available! 10.8.2 -> 11.11.0
6.018 npm notice Changelog: https://github.com/npm/cli/releases/tag/v11.11.0
6.018 npm notice To update run: npm install -g npm@11.11.0
6.018 npm notice
------
Dockerfile:23
--------------------
  21 |     ENV NEXT_TELEMETRY_DISABLED=1
  22 |     
  23 | >>> RUN npm run build
  24 |     
  25 |     # Production image, copy all the files and run next
--------------------
ERROR: failed to build: failed to solve: process "/bin/sh -c npm run build" did not complete successfully: exit code: 1
